  [3x3] 50/1284
  [3x3] 100/1284
  [3x3] 150/1284
  [3x3] 200/1284
  [3x3] 250/1284
  [3x3] 300/1284
  [3x3] 350/1284
  [3x3] 400/1284
  [3x3] 450/1284
  [3x3] 500/1284
  [3x3] 550/1284
  [3x3] 600/1284
  [3x3] 650/1284
  [3x3] 700/1284
  [3x3] 750/1284
  [3x3] 800/1284
  [3x3] 850/1284
  [3x3] 900/1284
  [3x3] 950/1284
  [3x3] 1000/1284
  [3x3] 1050/1284
  [3x3] 1100/1284
  [3x3] 1150/1284
  [3x3] 1200/1284
  [3x3] 1250/1284
  [3x3] 1284 条 → 最优
  [pocket] 12/12 条 → 最优
  [pyraminx] 60/60 条 → 最优
  [skewb] 50/50 条 → 最优
Wrote D:\cube\cuberoot.me\stats\scramble\event_length_examples_opt.json  (1406 texts, 135.9 KB)
